<?xml version="1.0" encoding="UTF-8"?>
<testng-results ignored="0" total="1" passed="1" failed="0" skipped="0">
  <reporter-output>
  </reporter-output>
  <suite started-at="2022-01-06T15:58:57 IST" name="Default suite" finished-at="2022-01-06T15:59:07 IST" duration-ms="10113">
    <groups>
    </groups>
    <test started-at="2022-01-06T15:58:57 IST" name="Default test" finished-at="2022-01-06T15:59:07 IST" duration-ms="10113">
      <class name="loaction_change_devtools">
        <test-method signature="chrom_dev()[pri:0, instance:loaction_change_devtools@1da2cb77]" started-at="2022-01-06T15:58:57 IST" name="chrom_dev" finished-at="2022-01-06T15:59:07 IST" duration-ms="10068" status="PASS">
          <reporter-output>
          </reporter-output>
        </test-method> <!-- chrom_dev -->
      </class> <!-- loaction_change_devtools -->
    </test> <!-- Default test -->
  </suite> <!-- Default suite -->
</testng-results>
